Meeting/app/build/outputs/logs/manifest-merger-release-report.txt
-- Merging decision tree log ---
manifest
ADDED from src\main\AndroidManifest.xml:2:1-332:12
	package
		ADDED from src\main\AndroidManifest.xml:3:5-33
		INJECTED from src\main\AndroidManifest.xml
		INJECTED from src\main\AndroidManifest.xml
	android:versionName
		INJECTED from src\main\AndroidManifest.xml
		INJECTED from src\main\AndroidManifest.xml
	xmlns:android
		ADDED from src\main\AndroidManifest.xml:2:11-69
	android:versionCode
		INJECTED from src\main\AndroidManifest.xml
		INJECTED from src\main\AndroidManifest.xml
	android:installLocation
		ADDED from src\main\AndroidManifest.xml:4:5-35
uses-sdk
ADDED from src\main\AndroidManifest.xml:7:5-9:41
MERGED from [meeting:recyclerview:unspecified] AndroidManifest.xml:7:5-9:41
	android:targetSdkVersion
		ADDED from src\main\AndroidManifest.xml:9:9-38
		INJECTED from src\main\AndroidManifest.xml
		INJECTED from src\main\AndroidManifest.xml
	android:minSdkVersion
		ADDED from src\main\AndroidManifest.xml:8:9-35
		INJECTED from src\main\AndroidManifest.xml
		INJECTED from src\main\AndroidManifest.xml
permission#cn.com.meeting.drm.permission.JPUSH_MESSAGE
ADDED from src\main\AndroidManifest.xml:12:5-14:47
	android:protectionLevel
		ADDED from src\main\AndroidManifest.xml:14:9-44
	android:name
		ADDED from src\main\AndroidManifest.xml:13:9-67
uses-permission#cn.com.meeting.drm.permission.JPUSH_MESSAGE
ADDED from src\main\AndroidManifest.xml:16:5-83
	android:name
		ADDED from src\main\AndroidManifest.xml:16:22-80
uses-permission#android.permission.ACCESS_NETWORK_STATE
ADDED from src\main\AndroidManifest.xml:17:5-79
	android:name
		ADDED from src\main\AndroidManifest.xml:17:22-76
uses-permission#android.permission.WRITE_EXTERNAL_STORAGE
ADDED from src\main\AndroidManifest.xml:18:5-81
	android:name
		ADDED from src\main\AndroidManifest.xml:18:22-78
uses-permission#android.permission.INTERNET
ADDED from src\main\AndroidManifest.xml:19:5-67
	android:name
		ADDED from src\main\AndroidManifest.xml:19:22-64
uses-permission#android.permission.READ_PHONE_STATE
ADDED from src\main\AndroidManifest.xml:20:5-75
	android:name
		ADDED from src\main\AndroidManifest.xml:20:22-72
uses-permission#android.permission.ACCESS_WIFI_STATE
ADDED from src\main\AndroidManifest.xml:21:5-76
	android:name
		ADDED from src\main\AndroidManifest.xml:21:22-73
uses-permission#android.permission.RECEIVE_BOOT_COMPLETED
ADDED from src\main\AndroidManifest.xml:22:5-81
	android:name
		ADDED from src\main\AndroidManifest.xml:22:22-78
uses-permission#android.permission.BROADCAST_STICKY
ADDED from src\main\AndroidManifest.xml:23:5-75
	android:name
		ADDED from src\main\AndroidManifest.xml:23:22-72
uses-permission#android.permission.WRITE_SETTINGS
ADDED from src\main\AndroidManifest.xml:24:5-73
	android:name
		ADDED from src\main\AndroidManifest.xml:24:22-70
uses-permission#android.permission.RECEIVE_USER_PRESENT
ADDED from src\main\AndroidManifest.xml:25:5-79
	android:name
		ADDED from src\main\AndroidManifest.xml:25:22-76
uses-permission#android.permission.WAKE_LOCK
ADDED from src\main\AndroidManifest.xml:26:5-68
	android:name
		ADDED from src\main\AndroidManifest.xml:26:22-65
uses-permission#android.permission.KILL_BACKGROUND_PROCESSES
ADDED from src\main\AndroidManifest.xml:27:5-84
	android:name
		ADDED from src\main\AndroidManifest.xml:27:22-81
uses-permission#android.permission.GET_TASKS
ADDED from src\main\AndroidManifest.xml:28:5-68
	android:name
		ADDED from src\main\AndroidManifest.xml:28:22-65
uses-permission#android.permission.READ_LOGS
ADDED from src\main\AndroidManifest.xml:29:5-68
	android:name
		ADDED from src\main\AndroidManifest.xml:29:22-65
uses-permission#android.permission.VIBRATE
ADDED from src\main\AndroidManifest.xml:30:5-66
	android:name
		ADDED from src\main\AndroidManifest.xml:30:22-63
uses-permission#android.permission.RESTART_PACKAGES
ADDED from src\main\AndroidManifest.xml:31:5-75
	android:name
		ADDED from src\main\AndroidManifest.xml:31:22-72
uses-permission#android.permission.DISABLE_KEYGUARD
ADDED from src\main\AndroidManifest.xml:32:5-75
	android:name
		ADDED from src\main\AndroidManifest.xml:32:22-72
uses-permission#android.permission.READ_EXTERNAL_STORAGE
ADDED from src\main\AndroidManifest.xml:33:5-80
	android:name
		ADDED from src\main\AndroidManifest.xml:33:22-77
uses-permission#android.permission.MOUNT_UNMOUNT_FILESYSTEMS
ADDED from src\main\AndroidManifest.xml:35:5-84
	android:name
		ADDED from src\main\AndroidManifest.xml:35:22-81
uses-permission#android.permission.PROCESS_OUTGOING_CALLS
ADDED from src\main\AndroidManifest.xml:37:5-81
	android:name
		ADDED from src\main\AndroidManifest.xml:37:22-78
uses-permission#android.permission.FLASHLIGHT
ADDED from src\main\AndroidManifest.xml:39:5-69
	android:name
		ADDED from src\main\AndroidManifest.xml:39:22-66
uses-permission#android.permission.ACCESS_COARSE_LOCATION
ADDED from src\main\AndroidManifest.xml:40:5-81
	android:name
		ADDED from src\main\AndroidManifest.xml:40:22-78
uses-permission#android.permission.CHANGE_WIFI_STATE
ADDED from src\main\AndroidManifest.xml:41:5-76
	android:name
		ADDED from src\main\AndroidManifest.xml:41:22-73
uses-permission#android.permission.ACCESS_FINE_LOCATION
ADDED from src\main\AndroidManifest.xml:42:5-79
	android:name
		ADDED from src\main\AndroidManifest.xml:42:22-76
uses-permission#android.permission.ACCESS_LOCATION_EXTRA_COMMANDS
ADDED from src\main\AndroidManifest.xml:43:5-89
	android:name
		ADDED from src\main\AndroidManifest.xml:43:22-86
uses-permission#android.permission.CHANGE_NETWORK_STATE
ADDED from src\main\AndroidManifest.xml:44:5-79
	android:name
		ADDED from src\main\AndroidManifest.xml:44:22-76
uses-permission#android.permission.CAMERA
ADDED from src\main\AndroidManifest.xml:45:5-65
	android:name
		ADDED from src\main\AndroidManifest.xml:45:22-62
uses-permission#android.permission.SYSTEM_ALERT_WINDOW
ADDED from src\main\AndroidManifest.xml:46:5-78
	android:name
		ADDED from src\main\AndroidManifest.xml:46:22-75
application
ADDED from src\main\AndroidManifest.xml:48:5-330:19
MERGED from [meeting:recyclerview:unspecified] AndroidManifest.xml:11:5-15:19
	android:label
		ADDED from src\main\AndroidManifest.xml:52:9-41
	android:supportsRtl
		ADDED from [meeting:recyclerview:unspecified] AndroidManifest.xml:14:9-35
	android:allowBackup
		ADDED from src\main\AndroidManifest.xml:50:9-35
	android:icon
		ADDED from src\main\AndroidManifest.xml:51:9-46
	android:theme
		ADDED from src\main\AndroidManifest.xml:53:9-40
	android:name
		ADDED from src\main\AndroidManifest.xml:49:9-49
activity#cn.com.pyc.drm.ui.WelcomeActivity
ADDED from src\main\AndroidManifest.xml:54:9-73:20
	android:configChanges
		ADDED from src\main\AndroidManifest.xml:56:13-74
	android:theme
		ADDED from src\main\AndroidManifest.xml:57:13-77
	android:name
		ADDED from src\main\AndroidManifest.xml:55:13-61
intent-filter#android.intent.action.MAIN+android.intent.category.LAUNCHER
ADDED from src\main\AndroidManifest.xml:58:13-62:29
action#android.intent.action.MAIN
ADDED from src\main\AndroidManifest.xml:59:17-69
	android:name
		ADDED from src\main\AndroidManifest.xml:59:25-66
category#android.intent.category.LAUNCHER
ADDED from src\main\AndroidManifest.xml:61:17-77
	android:name
		ADDED from src\main\AndroidManifest.xml:61:27-74
intent-filter#android.intent.action.VIEW+android.intent.category.DEFAULT
ADDED from src\main\AndroidManifest.xml:63:13-72:29
action#android.intent.action.VIEW
ADDED from src\main\AndroidManifest.xml:64:17-69
	android:name
		ADDED from src\main\AndroidManifest.xml:64:25-66
category#android.intent.category.DEFAULT
ADDED from src\main\AndroidManifest.xml:66:17-76
	android:name
		ADDED from src\main\AndroidManifest.xml:66:27-73
data
ADDED from src\main\AndroidManifest.xml:68:17-52
	android:mimeType
		ADDED from src\main\AndroidManifest.xml:68:23-49
activity#cn.com.pyc.drm.ui.MuPDFMuHomeActivity
ADDED from src\main\AndroidManifest.xml:74:9-77:63
	android:configChanges
		ADDED from src\main\AndroidManifest.xml:76:13-74
	android:theme
		ADDED from src\main\AndroidManifest.xml:77:13-60
	android:name
		ADDED from src\main\AndroidManifest.xml:75:13-65
activity#cn.com.pyc.drm.ui.MuPDFOutlineActivity
ADDED from src\main\AndroidManifest.xml:78:9-81:63
	android:configChanges
		ADDED from src\main\AndroidManifest.xml:80:13-74
	android:theme
		ADDED from src\main\AndroidManifest.xml:81:13-60
	android:name
		ADDED from src\main\AndroidManifest.xml:79:13-66
activity#cn.com.pyc.drm.ui.MuPDFActivity
ADDED from src\main\AndroidManifest.xml:84:9-88:74
	android:launchMode
		ADDED from src\main\AndroidManifest.xml:87:13-43
	android:configChanges
		ADDED from src\main\AndroidManifest.xml:86:13-74
	android:theme
		ADDED from src\main\AndroidManifest.xml:88:13-71
	android:name
		ADDED from src\main\AndroidManifest.xml:85:13-59
activity#cn.com.pyc.drm.ui.MuPDFFindAllNotes
ADDED from src\main\AndroidManifest.xml:90:9-94:20
	android:launchMode
		ADDED from src\main\AndroidManifest.xml:93:13-43
	android:configChanges
		ADDED from src\main\AndroidManifest.xml:92:13-74
	android:name
		ADDED from src\main\AndroidManifest.xml:91:13-63
activity#cn.com.pyc.drm.ui.MuPDFSaveNotes
ADDED from src\main\AndroidManifest.xml:96:9-101:20
	android:launchMode
		ADDED from src\main\AndroidManifest.xml:99:13-43
	android:windowSoftInputMode
		ADDED from src\main\AndroidManifest.xml:100:13-85
	android:configChanges
		ADDED from src\main\AndroidManifest.xml:98:13-74
	android:name
		ADDED from src\main\AndroidManifest.xml:97:13-60
activity#cn.com.pyc.drm.ui.MusicHomeActivity
ADDED from src\main\AndroidManifest.xml:103:9-106:52
	android:screenOrientation
		ADDED from src\main\AndroidManifest.xml:106:13-49
	android:launchMode
		ADDED from src\main\AndroidManifest.xml:105:13-43
	android:name
		ADDED from src\main\AndroidManifest.xml:104:13-63
activity#cn.com.pyc.drm.ui.VideoPlayerActivity
ADDED from src\main\AndroidManifest.xml:109:9-115:20
	android:screenOrientation
		ADDED from src\main\AndroidManifest.xml:113:13-50
	android:launchMode
		ADDED from src\main\AndroidManifest.xml:112:13-43
	android:configChanges
		ADDED from src\main\AndroidManifest.xml:111:13-74
	android:theme
		ADDED from src\main\AndroidManifest.xml:114:13-77
	android:name
		ADDED from src\main\AndroidManifest.xml:110:13-65
activity#cn.com.pyc.drm.ui.VideoAlbumActivity
ADDED from src\main\AndroidManifest.xml:116:9-120:20
	android:screenOrientation
		ADDED from src\main\AndroidManifest.xml:119:13-49
	android:launchMode
		ADDED from src\main\AndroidManifest.xml:118:13-43
	android:name
		ADDED from src\main\AndroidManifest.xml:117:13-64
activity#cn.com.pyc.drm.ui.MusicAlbumActivity
ADDED from src\main\AndroidManifest.xml:121:9-126:20
	android:screenOrientation
		ADDED from src\main\AndroidManifest.xml:124:13-49
	android:launchMode
		ADDED from src\main\AndroidManifest.xml:123:13-43
	android:theme
		ADDED from src\main\AndroidManifest.xml:125:13-60
	android:name
		ADDED from src\main\AndroidManifest.xml:122:13-64
activity#cn.com.pyc.drm.ui.LoginActivity
ADDED from src\main\AndroidManifest.xml:127:9-132:20
	android:windowSoftInputMode
		ADDED from src\main\AndroidManifest.xml:131:13-64
	android:configChanges
		ADDED from src\main\AndroidManifest.xml:129:13-74
	android:theme
		ADDED from src\main\AndroidManifest.xml:130:13-71
	android:name
		ADDED from src\main\AndroidManifest.xml:128:13-59
activity#cn.com.pyc.drm.ui.LoginActivity2
ADDED from src\main\AndroidManifest.xml:133:13-138:20
	android:windowSoftInputMode
		ADDED from src\main\AndroidManifest.xml:137:13-64
	android:configChanges
		ADDED from src\main\AndroidManifest.xml:135:13-74
	android:theme
		ADDED from src\main\AndroidManifest.xml:136:13-71
	android:name
		ADDED from src\main\AndroidManifest.xml:134:13-60
activity#cn.com.pyc.drm.ui.RegisterActivity
ADDED from src\main\AndroidManifest.xml:141:9-145:20
	android:windowSoftInputMode
		ADDED from src\main\AndroidManifest.xml:144:13-64
	android:configChanges
		ADDED from src\main\AndroidManifest.xml:143:13-74
	android:name
		ADDED from src\main\AndroidManifest.xml:142:13-62
activity#cn.com.pyc.drm.ui.MechanismActivity
ADDED from src\main\AndroidManifest.xml:146:9-150:20
	android:windowSoftInputMode
		ADDED from src\main\AndroidManifest.xml:149:13-64
	android:configChanges
		ADDED from src\main\AndroidManifest.xml:148:13-74
	android:name
		ADDED from src\main\AndroidManifest.xml:147:13-63
activity#cn.com.pyc.drm.ui.MyMeetingActivity
ADDED from src\main\AndroidManifest.xml:151:9-155:20
	android:windowSoftInputMode
		ADDED from src\main\AndroidManifest.xml:154:13-64
	android:configChanges
		ADDED from src\main\AndroidManifest.xml:153:13-74
	android:name
		ADDED from src\main\AndroidManifest.xml:152:13-63
activity#cn.com.pyc.drm.ui.RetrievepasswordActivity
ADDED from src\main\AndroidManifest.xml:156:9-160:20
	android:windowSoftInputMode
		ADDED from src\main\AndroidManifest.xml:159:13-64
	android:configChanges
		ADDED from src\main\AndroidManifest.xml:158:13-74
	android:name
		ADDED from src\main\AndroidManifest.xml:157:13-70
activity#cn.com.pyc.drm.ui.MuPDFAlbumActivity
ADDED from src\main\AndroidManifest.xml:162:9-166:63
	android:launchMode
		ADDED from src\main\AndroidManifest.xml:165:13-43
	android:configChanges
		ADDED from src\main\AndroidManifest.xml:164:13-74
	android:theme
		ADDED from src\main\AndroidManifest.xml:166:13-60
	android:name
		ADDED from src\main\AndroidManifest.xml:163:13-64
activity#cn.com.pyc.drm.ui.SettingActivity
ADDED from src\main\AndroidManifest.xml:167:9-170:46
	android:launchMode
		ADDED from src\main\AndroidManifest.xml:170:13-43
	android:configChanges
		ADDED from src\main\AndroidManifest.xml:169:13-74
	android:name
		ADDED from src\main\AndroidManifest.xml:168:13-61
activity#cn.com.pyc.drm.ui.DownloadMainActivity
ADDED from src\main\AndroidManifest.xml:172:9-175:46
	android:launchMode
		ADDED from src\main\AndroidManifest.xml:175:13-43
	android:configChanges
		ADDED from src\main\AndroidManifest.xml:174:13-74
	android:name
		ADDED from src\main\AndroidManifest.xml:173:13-66
activity#cn.com.pyc.drm.ui.SZInfoActivity
ADDED from src\main\AndroidManifest.xml:176:9-178:52
	android:screenOrientation
		ADDED from src\main\AndroidManifest.xml:178:13-49
	android:name
		ADDED from src\main\AndroidManifest.xml:177:13-60
activity#cn.com.pyc.drm.ui.ScanHistoryActivity
ADDED from src\main\AndroidManifest.xml:179:9-181:77
	android:configChanges
		ADDED from src\main\AndroidManifest.xml:181:13-74
	android:name
		ADDED from src\main\AndroidManifest.xml:180:13-65
activity#cn.com.pyc.drm.ui.ScanLoginVerificationActivity
ADDED from src\main\AndroidManifest.xml:182:9-184:77
	android:configChanges
		ADDED from src\main\AndroidManifest.xml:184:13-74
	android:name
		ADDED from src\main\AndroidManifest.xml:183:13-75
activity#cn.com.pyc.drm.ui.VoteActivity
ADDED from src\main\AndroidManifest.xml:185:9-187:77
	android:configChanges
		ADDED from src\main\AndroidManifest.xml:187:13-74
	android:name
		ADDED from src\main\AndroidManifest.xml:186:13-58
activity#com.google.zxing.client.android.CaptureActivity
ADDED from src\main\AndroidManifest.xml:189:9-197:20
	android:clearTaskOnLaunch
		ADDED from src\main\AndroidManifest.xml:191:13-45
	android:screenOrientation
		ADDED from src\main\AndroidManifest.xml:193:13-49
	android:stateNotNeeded
		ADDED from src\main\AndroidManifest.xml:194:13-42
	android:windowSoftInputMode
		ADDED from src\main\AndroidManifest.xml:196:13-60
	android:configChanges
		ADDED from src\main\AndroidManifest.xml:192:13-63
	android:theme
		ADDED from src\main\AndroidManifest.xml:195:13-66
	android:name
		ADDED from src\main\AndroidManifest.xml:190:13-75
service#cn.com.pyc.drm.service.MediaService
ADDED from src\main\AndroidManifest.xml:200:9-71
	android:name
		ADDED from src\main\AndroidManifest.xml:200:18-68
service#cn.com.pyc.drm.service.DownloadService
ADDED from src\main\AndroidManifest.xml:201:9-74
	android:name
		ADDED from src\main\AndroidManifest.xml:201:18-71
service#cn.com.pyc.drm.service.AppUpdateService
ADDED from src\main\AndroidManifest.xml:202:9-75
	android:name
		ADDED from src\main\AndroidManifest.xml:202:18-72
service#cn.com.pyc.drm.service.BGOCommandService
ADDED from src\main\AndroidManifest.xml:203:9-76
	android:name
		ADDED from src\main\AndroidManifest.xml:203:18-73
service#cn.com.pyc.drm.service.FloatViewService
ADDED from src\main\AndroidManifest.xml:204:9-75
	android:name
		ADDED from src\main\AndroidManifest.xml:204:18-72
service#cn.jpush.android.service.PushService
ADDED from src\main\AndroidManifest.xml:209:9-219:19
	android:enabled
		ADDED from src\main\AndroidManifest.xml:211:13-35
	android:exported
		ADDED from src\main\AndroidManifest.xml:212:13-37
	android:name
		ADDED from src\main\AndroidManifest.xml:210:13-64
intent-filter#cn.jpush.android.intent.PUSH_TIME+cn.jpush.android.intent.PushService+cn.jpush.android.intent.REGISTER+cn.jpush.android.intent.REPORT
ADDED from src\main\AndroidManifest.xml:213:13-218:29
action#cn.jpush.android.intent.REGISTER
ADDED from src\main\AndroidManifest.xml:214:17-75
	android:name
		ADDED from src\main\AndroidManifest.xml:214:25-72
action#cn.jpush.android.intent.REPORT
ADDED from src\main\AndroidManifest.xml:215:17-73
	android:name
		ADDED from src\main\AndroidManifest.xml:215:25-70
action#cn.jpush.android.intent.PushService
ADDED from src\main\AndroidManifest.xml:216:17-78
	android:name
		ADDED from src\main\AndroidManifest.xml:216:25-75
action#cn.jpush.android.intent.PUSH_TIME
ADDED from src\main\AndroidManifest.xml:217:17-76
	android:name
		ADDED from src\main\AndroidManifest.xml:217:25-73
receiver#cn.jpush.android.service.PushReceiver
ADDED from src\main\AndroidManifest.xml:223:9-259:20
	android:enabled
		ADDED from src\main\AndroidManifest.xml:225:13-35
	android:name
		ADDED from src\main\AndroidManifest.xml:224:13-65
intent-filter#cn.com.meeting.drm+cn.jpush.android.intent.NOTIFICATION_RECEIVED_PROXY
ADDED from src\main\AndroidManifest.xml:226:13-246:29
	android:priority
		ADDED from src\main\AndroidManifest.xml:226:28-51
action#cn.jpush.android.intent.NOTIFICATION_RECEIVED_PROXY
ADDED from src\main\AndroidManifest.xml:230:17-94
	android:name
		ADDED from src\main\AndroidManifest.xml:230:25-91
category#cn.com.meeting.drm
ADDED from src\main\AndroidManifest.xml:245:17-63
	android:name
		ADDED from src\main\AndroidManifest.xml:245:27-60
intent-filter#android.intent.action.USER_PRESENT+android.net.conn.CONNECTIVITY_CHANGE
ADDED from src\main\AndroidManifest.xml:249:13-252:29
action#android.intent.action.USER_PRESENT
ADDED from src\main\AndroidManifest.xml:250:17-77
	android:name
		ADDED from src\main\AndroidManifest.xml:250:25-74
action#android.net.conn.CONNECTIVITY_CHANGE
ADDED from src\main\AndroidManifest.xml:251:17-79
	android:name
		ADDED from src\main\AndroidManifest.xml:251:25-76
intent-filter#android.intent.action.PACKAGE_ADDED+android.intent.action.PACKAGE_REMOVED
ADDED from src\main\AndroidManifest.xml:253:13-258:29
action#android.intent.action.PACKAGE_ADDED
ADDED from src\main\AndroidManifest.xml:254:17-78
	android:name
		ADDED from src\main\AndroidManifest.xml:254:25-75
action#android.intent.action.PACKAGE_REMOVED
ADDED from src\main\AndroidManifest.xml:255:17-80
	android:name
		ADDED from src\main\AndroidManifest.xml:255:25-77
activity#cn.jpush.android.ui.PushActivity
ADDED from src\main\AndroidManifest.xml:262:9-272:20
	android:configChanges
		ADDED from src\main\AndroidManifest.xml:264:13-63
	android:theme
		ADDED from src\main\AndroidManifest.xml:265:13-72
	android:name
		ADDED from src\main\AndroidManifest.xml:263:13-60
intent-filter#android.intent.category.DEFAULT+cn.com.meeting.drm+cn.jpush.android.ui.PushActivity
ADDED from src\main\AndroidManifest.xml:266:13-271:29
action#cn.jpush.android.ui.PushActivity
ADDED from src\main\AndroidManifest.xml:267:17-75
	android:name
		ADDED from src\main\AndroidManifest.xml:267:25-72
service#cn.jpush.android.service.DownloadService
ADDED from src\main\AndroidManifest.xml:276:9-280:19
	android:enabled
		ADDED from src\main\AndroidManifest.xml:278:13-35
	android:exported
		ADDED from src\main\AndroidManifest.xml:279:13-37
	android:name
		ADDED from src\main\AndroidManifest.xml:277:13-68
service#cn.jpush.android.service.DaemonService
ADDED from src\main\AndroidManifest.xml:284:9-293:19
	android:enabled
		ADDED from src\main\AndroidManifest.xml:286:13-35
	android:exported
		ADDED from src\main\AndroidManifest.xml:287:13-36
	android:name
		ADDED from src\main\AndroidManifest.xml:285:13-66
intent-filter#cn.com.meeting.drm+cn.jpush.android.intent.DaemonService
ADDED from src\main\AndroidManifest.xml:288:13-292:29
action#cn.jpush.android.intent.DaemonService
ADDED from src\main\AndroidManifest.xml:289:17-80
	android:name
		ADDED from src\main\AndroidManifest.xml:289:25-77
receiver#cn.jpush.android.service.AlarmReceiver
ADDED from src\main\AndroidManifest.xml:296:9-75
	android:name
		ADDED from src\main\AndroidManifest.xml:296:19-72
receiver#cn.com.pyc.drm.receiver.JPushReceiver
ADDED from src\main\AndroidManifest.xml:297:9-322:20
	android:enabled
		ADDED from src\main\AndroidManifest.xml:299:13-35
	android:name
		ADDED from src\main\AndroidManifest.xml:298:13-65
intent-filter#cn.com.meeting.drm+cn.jpush.android.intent.ACTION_RICHPUSH_CALLBACK+cn.jpush.android.intent.CONNECTION+cn.jpush.android.intent.MESSAGE_RECEIVED+cn.jpush.android.intent.NOTIFICATION_OPENED+cn.jpush.android.intent.NOTIFICATION_RECEIVED+cn.jpush.android.intent.REGISTRATION+cn.jpush.android.intent.UNREGISTRATION
ADDED from src\main\AndroidManifest.xml:300:13-321:29
action#cn.jpush.android.intent.REGISTRATION
ADDED from src\main\AndroidManifest.xml:301:17-79
	android:name
		ADDED from src\main\AndroidManifest.xml:301:25-76
action#cn.jpush.android.intent.UNREGISTRATION
ADDED from src\main\AndroidManifest.xml:304:17-81
	android:name
		ADDED from src\main\AndroidManifest.xml:304:25-78
action#cn.jpush.android.intent.MESSAGE_RECEIVED
ADDED from src\main\AndroidManifest.xml:305:17-83
	android:name
		ADDED from src\main\AndroidManifest.xml:305:25-80
action#cn.jpush.android.intent.NOTIFICATION_RECEIVED
ADDED from src\main\AndroidManifest.xml:308:17-88
	android:name
		ADDED from src\main\AndroidManifest.xml:308:25-85
action#cn.jpush.android.intent.NOTIFICATION_OPENED
ADDED from src\main\AndroidManifest.xml:311:17-86
	android:name
		ADDED from src\main\AndroidManifest.xml:311:25-83
action#cn.jpush.android.intent.ACTION_RICHPUSH_CALLBACK
ADDED from src\main\AndroidManifest.xml:314:17-91
	android:name
		ADDED from src\main\AndroidManifest.xml:314:25-88
action#cn.jpush.android.intent.CONNECTION
ADDED from src\main\AndroidManifest.xml:317:17-77
	android:name
		ADDED from src\main\AndroidManifest.xml:317:25-74
meta-data#JPUSH_CHANNEL
ADDED from src\main\AndroidManifest.xml:324:9-326:39
	android:value
		ADDED from src\main\AndroidManifest.xml:326:13-36
	android:name
		ADDED from src\main\AndroidManifest.xml:325:13-41
meta-data#JPUSH_APPKEY
ADDED from src\main\AndroidManifest.xml:327:9-329:56
	android:value
		ADDED from src\main\AndroidManifest.xml:329:13-53
	android:name
		ADDED from src\main\AndroidManifest.xml:328:13-40